<?xml version="1.0" encoding="UTF-8"?>
<testng-results ignored="0" total="1" passed="1" failed="0" skipped="0">
  <reporter-output>
  </reporter-output>
  <suite started-at="2023-01-11T18:16:58 GMT" name="Default suite" finished-at="2023-01-11T18:17:01 GMT" duration-ms="2416">
    <groups>
    </groups>
    <test started-at="2023-01-11T18:16:58 GMT" name="Default test" finished-at="2023-01-11T18:17:01 GMT" duration-ms="2416">
      <class name="restAssured.Getmethod">
        <test-method signature="getCookies()[pri:2, instance:restAssured.Getmethod@47faa49c]" started-at="2023-01-11T18:16:58 GMT" name="getCookies" finished-at="2023-01-11T18:17:01 GMT" duration-ms="2369" status="PASS">
          <reporter-output>
          </reporter-output>
        </test-method> <!-- getCookies -->
      </class> <!-- restAssured.Getmethod -->
    </test> <!-- Default test -->
  </suite> <!-- Default suite -->
</testng-results>
